Epoch 1/200
28/29 [===========================>..] - ETA: 5s - loss: 0.7499 - acc: 0.0268 
Epoch 00001: val_loss improved from inf to 0.73411, saving model to QandA_system/model_QandA.h5
WARNING:tensorflow:Layer decoder_lstm was passed non-serializable keyword arguments: {'initial_state': [<tf.Tensor 'encoder_lstm_2/while/Exit_3:0' shape=(?, 256) dtype=float32>, <tf.Tensor 'encoder_lstm_2/while/Exit_4:0' shape=(?, 256) dtype=float32>]}. They will not be included in the serialized model (and thus will be missing at deserialization time).
29/29 [==============================] - 160s 6s/step - loss: 0.7497 - acc: 0.0268 - val_loss: 0.7341 - val_acc: 0.0278
Epoch 2/200
28/29 [===========================>..] - ETA: 5s - loss: 0.6741 - acc: 0.0279 
Epoch 00002: val_loss did not improve from 0.73411
29/29 [==============================] - 163s 6s/step - loss: 0.6753 - acc: 0.0279 - val_loss: 0.7532 - val_acc: 0.0289
Epoch 3/200
28/29 [===========================>..] - ETA: 5s - loss: 0.6607 - acc: 0.0292 
Epoch 00003: val_loss did not improve from 0.73411
29/29 [==============================] - 162s 6s/step - loss: 0.6616 - acc: 0.0292 - val_loss: 0.7766 - val_acc: 0.0289
Epoch 4/200
28/29 [===========================>..] - ETA: 5s - loss: 0.6508 - acc: 0.0292 
Epoch 00004: val_loss did not improve from 0.73411
29/29 [==============================] - 161s 6s/step - loss: 0.6515 - acc: 0.0292 - val_loss: 0.7976 - val_acc: 0.0289
Epoch 5/200
28/29 [===========================>..] - ETA: 5s - loss: 0.6451 - acc: 0.0292 
Epoch 00005: val_loss did not improve from 0.73411
29/29 [==============================] - 172s 6s/step - loss: 0.6461 - acc: 0.0292 - val_loss: 0.7999 - val_acc: 0.0288
Epoch 6/200
28/29 [===========================>..] - ETA: 5s - loss: 0.6347 - acc: 0.0292 
Epoch 00006: val_loss did not improve from 0.73411
29/29 [==============================] - 164s 6s/step - loss: 0.6354 - acc: 0.0292 - val_loss: 0.8115 - val_acc: 0.0289
Epoch 7/200
28/29 [===========================>..] - ETA: 5s - loss: 0.6252 - acc: 0.0292 
Epoch 00007: val_loss did not improve from 0.73411
29/29 [==============================] - 163s 6s/step - loss: 0.6258 - acc: 0.0292 - val_loss: 0.8210 - val_acc: 0.0289
Epoch 8/200
28/29 [===========================>..] - ETA: 5s - loss: 0.6160 - acc: 0.0292 
Epoch 00008: val_loss did not improve from 0.73411
29/29 [==============================] - 164s 6s/step - loss: 0.6165 - acc: 0.0292 - val_loss: 0.8290 - val_acc: 0.0289
Epoch 9/200
28/29 [===========================>..] - ETA: 5s - loss: 0.6059 - acc: 0.0292 
Epoch 00009: val_loss did not improve from 0.73411
29/29 [==============================] - 162s 6s/step - loss: 0.6064 - acc: 0.0292 - val_loss: 0.8271 - val_acc: 0.0289
Epoch 10/200
28/29 [===========================>..] - ETA: 5s - loss: 0.6115 - acc: 0.0286 
Epoch 00010: val_loss did not improve from 0.73411
29/29 [==============================] - 166s 6s/step - loss: 0.6114 - acc: 0.0286 - val_loss: 0.8441 - val_acc: 0.0290
Epoch 11/200
28/29 [===========================>..] - ETA: 5s - loss: 0.5894 - acc: 0.0295 
Epoch 00011: val_loss did not improve from 0.73411
29/29 [==============================] - 167s 6s/step - loss: 0.5896 - acc: 0.0296 - val_loss: 0.8364 - val_acc: 0.0290
Epoch 12/200
28/29 [===========================>..] - ETA: 5s - loss: 0.5830 - acc: 0.0296 
Epoch 00012: val_loss did not improve from 0.73411
29/29 [==============================] - 167s 6s/step - loss: 0.5831 - acc: 0.0296 - val_loss: 0.8390 - val_acc: 0.0289
Epoch 13/200
28/29 [===========================>..] - ETA: 5s - loss: 0.5723 - acc: 0.0298 
Epoch 00013: val_loss did not improve from 0.73411
29/29 [==============================] - 168s 6s/step - loss: 0.5726 - acc: 0.0298 - val_loss: 0.8459 - val_acc: 0.0285
Epoch 14/200
28/29 [===========================>..] - ETA: 5s - loss: 0.5638 - acc: 0.0301 
Epoch 00014: val_loss did not improve from 0.73411
29/29 [==============================] - 164s 6s/step - loss: 0.5644 - acc: 0.0302 - val_loss: 0.8427 - val_acc: 0.0288
Epoch 15/200
28/29 [===========================>..] - ETA: 5s - loss: 0.5569 - acc: 0.0302 
Epoch 00015: val_loss did not improve from 0.73411
29/29 [==============================] - 167s 6s/step - loss: 0.5573 - acc: 0.0303 - val_loss: 0.8607 - val_acc: 0.0290
Epoch 16/200
28/29 [===========================>..] - ETA: 5s - loss: 0.5455 - acc: 0.0304 
Epoch 00016: val_loss did not improve from 0.73411
29/29 [==============================] - 168s 6s/step - loss: 0.5462 - acc: 0.0305 - val_loss: 0.8647 - val_acc: 0.0288
Epoch 17/200
28/29 [===========================>..] - ETA: 5s - loss: 0.5443 - acc: 0.0304 
Epoch 00017: val_loss did not improve from 0.73411
29/29 [==============================] - 168s 6s/step - loss: 0.5459 - acc: 0.0304 - val_loss: 0.8556 - val_acc: 0.0286
Epoch 18/200
28/29 [===========================>..] - ETA: 5s - loss: 0.5471 - acc: 0.0306 
Epoch 00018: val_loss did not improve from 0.73411
29/29 [==============================] - 166s 6s/step - loss: 0.5479 - acc: 0.0307 - val_loss: 0.8482 - val_acc: 0.0281
Epoch 19/200
28/29 [===========================>..] - ETA: 5s - loss: 0.5321 - acc: 0.0309 
Epoch 00019: val_loss did not improve from 0.73411
29/29 [==============================] - 166s 6s/step - loss: 0.5327 - acc: 0.0310 - val_loss: 0.8611 - val_acc: 0.0281
Epoch 20/200
28/29 [===========================>..] - ETA: 5s - loss: 0.5322 - acc: 0.0313 
Epoch 00020: val_loss did not improve from 0.73411
29/29 [==============================] - 169s 6s/step - loss: 0.5327 - acc: 0.0314 - val_loss: 0.8541 - val_acc: 0.0287
Epoch 21/200
28/29 [===========================>..] - ETA: 5s - loss: 0.5136 - acc: 0.0318 
Epoch 00021: val_loss did not improve from 0.73411
29/29 [==============================] - 168s 6s/step - loss: 0.5141 - acc: 0.0318 - val_loss: 0.8626 - val_acc: 0.0285
Epoch 22/200
28/29 [===========================>..] - ETA: 5s - loss: 0.5053 - acc: 0.0321 
Epoch 00022: val_loss did not improve from 0.73411
29/29 [==============================] - 168s 6s/step - loss: 0.5058 - acc: 0.0322 - val_loss: 0.8724 - val_acc: 0.0280
Epoch 23/200
28/29 [===========================>..] - ETA: 5s - loss: 0.4976 - acc: 0.0323 
Epoch 00023: val_loss did not improve from 0.73411
29/29 [==============================] - 165s 6s/step - loss: 0.4980 - acc: 0.0324 - val_loss: 0.8670 - val_acc: 0.0283
Epoch 24/200
28/29 [===========================>..] - ETA: 5s - loss: 0.4910 - acc: 0.0324 
Epoch 00024: val_loss did not improve from 0.73411
29/29 [==============================] - 167s 6s/step - loss: 0.4915 - acc: 0.0324 - val_loss: 0.8767 - val_acc: 0.0270
Epoch 25/200
28/29 [===========================>..] - ETA: 5s - loss: 0.4814 - acc: 0.0329 
Epoch 00025: val_loss did not improve from 0.73411
29/29 [==============================] - 169s 6s/step - loss: 0.4819 - acc: 0.0329 - val_loss: 0.8753 - val_acc: 0.0272
Epoch 26/200
28/29 [===========================>..] - ETA: 5s - loss: 0.4734 - acc: 0.0334 
Epoch 00026: val_loss did not improve from 0.73411
29/29 [==============================] - 168s 6s/step - loss: 0.4737 - acc: 0.0334 - val_loss: 0.8838 - val_acc: 0.0270
Epoch 27/200
28/29 [===========================>..] - ETA: 5s - loss: 0.4671 - acc: 0.0335 
Epoch 00027: val_loss did not improve from 0.73411
29/29 [==============================] - 169s 6s/step - loss: 0.4674 - acc: 0.0335 - val_loss: 0.8840 - val_acc: 0.0268
Epoch 28/200
28/29 [===========================>..] - ETA: 5s - loss: 0.4628 - acc: 0.0341 
Epoch 00028: val_loss did not improve from 0.73411
29/29 [==============================] - 167s 6s/step - loss: 0.4634 - acc: 0.0341 - val_loss: 0.8765 - val_acc: 0.0262
Epoch 29/200
28/29 [===========================>..] - ETA: 5s - loss: 0.4546 - acc: 0.0343 
Epoch 00029: val_loss did not improve from 0.73411
29/29 [==============================] - 168s 6s/step - loss: 0.4550 - acc: 0.0343 - val_loss: 0.8771 - val_acc: 0.0259
Epoch 30/200
28/29 [===========================>..] - ETA: 5s - loss: 0.4468 - acc: 0.0347 
Epoch 00030: val_loss did not improve from 0.73411
29/29 [==============================] - 169s 6s/step - loss: 0.4476 - acc: 0.0347 - val_loss: 0.8727 - val_acc: 0.0270
Epoch 31/200
28/29 [===========================>..] - ETA: 5s - loss: 0.4392 - acc: 0.0355 
Epoch 00031: val_loss did not improve from 0.73411
29/29 [==============================] - 168s 6s/step - loss: 0.4393 - acc: 0.0356 - val_loss: 0.8922 - val_acc: 0.0269
Epoch 32/200
28/29 [===========================>..] - ETA: 5s - loss: 0.4361 - acc: 0.0351 
Epoch 00032: val_loss did not improve from 0.73411
29/29 [==============================] - 168s 6s/step - loss: 0.4364 - acc: 0.0351 - val_loss: 0.8872 - val_acc: 0.0255
Epoch 33/200
28/29 [===========================>..] - ETA: 5s - loss: 0.4276 - acc: 0.0359 
Epoch 00033: val_loss did not improve from 0.73411
29/29 [==============================] - 165s 6s/step - loss: 0.4280 - acc: 0.0359 - val_loss: 0.8795 - val_acc: 0.0272
Epoch 34/200
28/29 [===========================>..] - ETA: 5s - loss: 0.4228 - acc: 0.0363 
Epoch 00034: val_loss did not improve from 0.73411
29/29 [==============================] - 168s 6s/step - loss: 0.4232 - acc: 0.0363 - val_loss: 0.8924 - val_acc: 0.0270
Epoch 35/200
28/29 [===========================>..] - ETA: 5s - loss: 0.4173 - acc: 0.0365 
Epoch 00035: val_loss did not improve from 0.73411
29/29 [==============================] - 171s 6s/step - loss: 0.4174 - acc: 0.0365 - val_loss: 0.8860 - val_acc: 0.0272
Epoch 36/200
28/29 [===========================>..] - ETA: 5s - loss: 0.4123 - acc: 0.0371 
Epoch 00036: val_loss did not improve from 0.73411
29/29 [==============================] - 169s 6s/step - loss: 0.4135 - acc: 0.0371 - val_loss: 0.8941 - val_acc: 0.0263
Epoch 37/200
28/29 [===========================>..] - ETA: 5s - loss: 0.4072 - acc: 0.0376 
Epoch 00037: val_loss did not improve from 0.73411
29/29 [==============================] - 168s 6s/step - loss: 0.4082 - acc: 0.0376 - val_loss: 0.8900 - val_acc: 0.0260
Epoch 38/200
28/29 [===========================>..] - ETA: 5s - loss: 0.3983 - acc: 0.0386 
Epoch 00038: val_loss did not improve from 0.73411
29/29 [==============================] - 165s 6s/step - loss: 0.3984 - acc: 0.0387 - val_loss: 0.8954 - val_acc: 0.0264
Epoch 39/200
28/29 [===========================>..] - ETA: 5s - loss: 0.3966 - acc: 0.0389 
Epoch 00039: val_loss did not improve from 0.73411
29/29 [==============================] - 169s 6s/step - loss: 0.3968 - acc: 0.0389 - val_loss: 0.8922 - val_acc: 0.0272
Epoch 40/200
28/29 [===========================>..] - ETA: 5s - loss: 0.3856 - acc: 0.0395 
Epoch 00040: val_loss did not improve from 0.73411
29/29 [==============================] - 169s 6s/step - loss: 0.3856 - acc: 0.0396 - val_loss: 0.8950 - val_acc: 0.0267
Epoch 41/200
28/29 [===========================>..] - ETA: 5s - loss: 0.3833 - acc: 0.0400 
Epoch 00041: val_loss did not improve from 0.73411
29/29 [==============================] - 168s 6s/step - loss: 0.3834 - acc: 0.0401 - val_loss: 0.8983 - val_acc: 0.0255
Epoch 42/200
28/29 [===========================>..] - ETA: 5s - loss: 0.3793 - acc: 0.0403 
Epoch 00042: val_loss did not improve from 0.73411
29/29 [==============================] - 168s 6s/step - loss: 0.3789 - acc: 0.0404 - val_loss: 0.9000 - val_acc: 0.0265
Epoch 43/200
28/29 [===========================>..] - ETA: 5s - loss: 0.3703 - acc: 0.0417 
Epoch 00043: val_loss did not improve from 0.73411
29/29 [==============================] - 166s 6s/step - loss: 0.3704 - acc: 0.0418 - val_loss: 0.9000 - val_acc: 0.0276
Epoch 44/200
28/29 [===========================>..] - ETA: 5s - loss: 0.3651 - acc: 0.0419 
Epoch 00044: val_loss did not improve from 0.73411
29/29 [==============================] - 171s 6s/step - loss: 0.3654 - acc: 0.0419 - val_loss: 0.9004 - val_acc: 0.0253
Epoch 45/200
28/29 [===========================>..] - ETA: 5s - loss: 0.3619 - acc: 0.0427 
Epoch 00045: val_loss did not improve from 0.73411
29/29 [==============================] - 169s 6s/step - loss: 0.3619 - acc: 0.0427 - val_loss: 0.9092 - val_acc: 0.0262
Epoch 46/200
28/29 [===========================>..] - ETA: 5s - loss: 0.3521 - acc: 0.0440 
Epoch 00046: val_loss did not improve from 0.73411
29/29 [==============================] - 168s 6s/step - loss: 0.3527 - acc: 0.0439 - val_loss: 0.9088 - val_acc: 0.0263
Epoch 47/200
28/29 [===========================>..] - ETA: 5s - loss: 0.3447 - acc: 0.0448 
Epoch 00047: val_loss did not improve from 0.73411
29/29 [==============================] - 166s 6s/step - loss: 0.3447 - acc: 0.0450 - val_loss: 0.9202 - val_acc: 0.0270
Epoch 48/200
28/29 [===========================>..] - ETA: 5s - loss: 0.3445 - acc: 0.0449 
Epoch 00048: val_loss did not improve from 0.73411
29/29 [==============================] - 166s 6s/step - loss: 0.3454 - acc: 0.0449 - val_loss: 0.9184 - val_acc: 0.0265
Epoch 49/200
28/29 [===========================>..] - ETA: 5s - loss: 0.3691 - acc: 0.0437 
Epoch 00049: val_loss did not improve from 0.73411
29/29 [==============================] - 169s 6s/step - loss: 0.3690 - acc: 0.0438 - val_loss: 0.9115 - val_acc: 0.0260
Epoch 50/200
28/29 [===========================>..] - ETA: 5s - loss: 0.3401 - acc: 0.0470 
Epoch 00050: val_loss did not improve from 0.73411
29/29 [==============================] - 169s 6s/step - loss: 0.3401 - acc: 0.0472 - val_loss: 0.9304 - val_acc: 0.0255
Epoch 51/200
28/29 [===========================>..] - ETA: 5s - loss: 0.3270 - acc: 0.0490 
Epoch 00051: val_loss did not improve from 0.73411
29/29 [==============================] - 170s 6s/step - loss: 0.3269 - acc: 0.0493 - val_loss: 0.9263 - val_acc: 0.0247
Epoch 52/200
28/29 [===========================>..] - ETA: 5s - loss: 0.3209 - acc: 0.0494 
Epoch 00052: val_loss did not improve from 0.73411
29/29 [==============================] - 166s 6s/step - loss: 0.3212 - acc: 0.0495 - val_loss: 0.9280 - val_acc: 0.0250
Epoch 53/200
28/29 [===========================>..] - ETA: 5s - loss: 0.3155 - acc: 0.0509 
Epoch 00053: val_loss did not improve from 0.73411
29/29 [==============================] - 167s 6s/step - loss: 0.3157 - acc: 0.0510 - val_loss: 0.9265 - val_acc: 0.0260
Epoch 54/200
28/29 [===========================>..] - ETA: 5s - loss: 0.3081 - acc: 0.0521 
Epoch 00054: val_loss did not improve from 0.73411
29/29 [==============================] - 169s 6s/step - loss: 0.3081 - acc: 0.0523 - val_loss: 0.9329 - val_acc: 0.0264
Epoch 55/200
28/29 [===========================>..] - ETA: 5s - loss: 0.3021 - acc: 0.0533 
Epoch 00055: val_loss did not improve from 0.73411
29/29 [==============================] - 168s 6s/step - loss: 0.3023 - acc: 0.0535 - val_loss: 0.9354 - val_acc: 0.0259
Epoch 56/200
28/29 [===========================>..] - ETA: 5s - loss: 0.2967 - acc: 0.0554 
Epoch 00056: val_loss did not improve from 0.73411
29/29 [==============================] - 170s 6s/step - loss: 0.2966 - acc: 0.0556 - val_loss: 0.9284 - val_acc: 0.0252
Epoch 57/200
28/29 [===========================>..] - ETA: 5s - loss: 0.2921 - acc: 0.0554 
Epoch 00057: val_loss did not improve from 0.73411
29/29 [==============================] - 166s 6s/step - loss: 0.2925 - acc: 0.0554 - val_loss: 0.9386 - val_acc: 0.0247
Epoch 58/200
28/29 [===========================>..] - ETA: 5s - loss: 0.2848 - acc: 0.0573 
Epoch 00058: val_loss did not improve from 0.73411
29/29 [==============================] - 169s 6s/step - loss: 0.2846 - acc: 0.0576 - val_loss: 0.9444 - val_acc: 0.0254
Epoch 59/200
28/29 [===========================>..] - ETA: 5s - loss: 0.2817 - acc: 0.0577 
Epoch 00059: val_loss did not improve from 0.73411
29/29 [==============================] - 169s 6s/step - loss: 0.2818 - acc: 0.0579 - val_loss: 0.9366 - val_acc: 0.0260
Epoch 60/200
28/29 [===========================>..] - ETA: 5s - loss: 0.2713 - acc: 0.0601 
Epoch 00060: val_loss did not improve from 0.73411
29/29 [==============================] - 169s 6s/step - loss: 0.2715 - acc: 0.0602 - val_loss: 0.9414 - val_acc: 0.0247
Epoch 61/200
28/29 [===========================>..] - ETA: 5s - loss: 0.2674 - acc: 0.0612 
Epoch 00061: val_loss did not improve from 0.73411
29/29 [==============================] - 168s 6s/step - loss: 0.2678 - acc: 0.0615 - val_loss: 0.9284 - val_acc: 0.0269
Epoch 62/200
28/29 [===========================>..] - ETA: 5s - loss: 0.2790 - acc: 0.0605 
Epoch 00062: val_loss did not improve from 0.73411
29/29 [==============================] - 166s 6s/step - loss: 0.2789 - acc: 0.0606 - val_loss: 0.9414 - val_acc: 0.0259
Epoch 63/200
28/29 [===========================>..] - ETA: 5s - loss: 0.2566 - acc: 0.0641 
Epoch 00063: val_loss did not improve from 0.73411
29/29 [==============================] - 169s 6s/step - loss: 0.2568 - acc: 0.0643 - val_loss: 0.9417 - val_acc: 0.0267
Epoch 64/200
28/29 [===========================>..] - ETA: 5s - loss: 0.2499 - acc: 0.0649 
Epoch 00064: val_loss did not improve from 0.73411
29/29 [==============================] - 169s 6s/step - loss: 0.2498 - acc: 0.0651 - val_loss: 0.9449 - val_acc: 0.0237
Epoch 65/200
28/29 [===========================>..] - ETA: 5s - loss: 0.2419 - acc: 0.0664 
Epoch 00065: val_loss did not improve from 0.73411
29/29 [==============================] - 169s 6s/step - loss: 0.2419 - acc: 0.0666 - val_loss: 0.9476 - val_acc: 0.0252
Epoch 66/200
28/29 [===========================>..] - ETA: 5s - loss: 0.2348 - acc: 0.0681 
Epoch 00066: val_loss did not improve from 0.73411
29/29 [==============================] - 168s 6s/step - loss: 0.2349 - acc: 0.0683 - val_loss: 0.9509 - val_acc: 0.0254
Epoch 67/200
28/29 [===========================>..] - ETA: 5s - loss: 0.2329 - acc: 0.0691 
Epoch 00067: val_loss did not improve from 0.73411
29/29 [==============================] - 166s 6s/step - loss: 0.2330 - acc: 0.0692 - val_loss: 0.9554 - val_acc: 0.0239
Epoch 68/200
28/29 [===========================>..] - ETA: 5s - loss: 0.2265 - acc: 0.0701 
Epoch 00068: val_loss did not improve from 0.73411
29/29 [==============================] - 169s 6s/step - loss: 0.2269 - acc: 0.0701 - val_loss: 0.9467 - val_acc: 0.0252
Epoch 69/200
28/29 [===========================>..] - ETA: 5s - loss: 0.2164 - acc: 0.0728 
Epoch 00069: val_loss did not improve from 0.73411
29/29 [==============================] - 169s 6s/step - loss: 0.2163 - acc: 0.0729 - val_loss: 0.9552 - val_acc: 0.0244
Epoch 70/200
28/29 [===========================>..] - ETA: 5s - loss: 0.2120 - acc: 0.0738 
Epoch 00070: val_loss did not improve from 0.73411
29/29 [==============================] - 169s 6s/step - loss: 0.2121 - acc: 0.0740 - val_loss: 0.9520 - val_acc: 0.0252
Epoch 71/200
28/29 [===========================>..] - ETA: 5s - loss: 0.2107 - acc: 0.0733 
Epoch 00071: val_loss did not improve from 0.73411
29/29 [==============================] - 166s 6s/step - loss: 0.2112 - acc: 0.0734 - val_loss: 0.9647 - val_acc: 0.0239
Epoch 72/200
28/29 [===========================>..] - ETA: 5s - loss: 0.2020 - acc: 0.0759 
Epoch 00072: val_loss did not improve from 0.73411
29/29 [==============================] - 166s 6s/step - loss: 0.2020 - acc: 0.0760 - val_loss: 0.9595 - val_acc: 0.0250
Epoch 73/200
28/29 [===========================>..] - ETA: 5s - loss: 0.1963 - acc: 0.0769 
Epoch 00073: val_loss did not improve from 0.73411
29/29 [==============================] - 169s 6s/step - loss: 0.1960 - acc: 0.0772 - val_loss: 0.9646 - val_acc: 0.0239
Epoch 74/200
28/29 [===========================>..] - ETA: 5s - loss: 0.1897 - acc: 0.0789 
Epoch 00074: val_loss did not improve from 0.73411
29/29 [==============================] - 171s 6s/step - loss: 0.1895 - acc: 0.0792 - val_loss: 0.9637 - val_acc: 0.0251
Epoch 75/200
28/29 [===========================>..] - ETA: 5s - loss: 0.1827 - acc: 0.0810 
Epoch 00075: val_loss did not improve from 0.73411
29/29 [==============================] - 169s 6s/step - loss: 0.1833 - acc: 0.0811 - val_loss: 0.9629 - val_acc: 0.0247
Epoch 76/200
28/29 [===========================>..] - ETA: 5s - loss: 0.1743 - acc: 0.0835 
Epoch 00076: val_loss did not improve from 0.73411
29/29 [==============================] - 166s 6s/step - loss: 0.1742 - acc: 0.0837 - val_loss: 0.9647 - val_acc: 0.0246
Epoch 77/200
28/29 [===========================>..] - ETA: 5s - loss: 0.1741 - acc: 0.0822 
Epoch 00077: val_loss did not improve from 0.73411
29/29 [==============================] - 169s 6s/step - loss: 0.1737 - acc: 0.0825 - val_loss: 0.9669 - val_acc: 0.0239
Epoch 78/200
28/29 [===========================>..] - ETA: 5s - loss: 0.1631 - acc: 0.0853 
Epoch 00078: val_loss did not improve from 0.73411
29/29 [==============================] - 170s 6s/step - loss: 0.1631 - acc: 0.0855 - val_loss: 0.9704 - val_acc: 0.0263
Epoch 79/200
28/29 [===========================>..] - ETA: 5s - loss: 0.1580 - acc: 0.0870 
Epoch 00079: val_loss did not improve from 0.73411
29/29 [==============================] - 169s 6s/step - loss: 0.1580 - acc: 0.0872 - val_loss: 0.9689 - val_acc: 0.0250
Epoch 80/200
28/29 [===========================>..] - ETA: 5s - loss: 0.1544 - acc: 0.0878 
Epoch 00080: val_loss did not improve from 0.73411
29/29 [==============================] - 169s 6s/step - loss: 0.1543 - acc: 0.0880 - val_loss: 0.9734 - val_acc: 0.0241
Epoch 81/200
28/29 [===========================>..] - ETA: 5s - loss: 0.1469 - acc: 0.0901 
Epoch 00081: val_loss did not improve from 0.73411
29/29 [==============================] - 166s 6s/step - loss: 0.1467 - acc: 0.0903 - val_loss: 0.9766 - val_acc: 0.0243
Epoch 82/200
28/29 [===========================>..] - ETA: 5s - loss: 0.1412 - acc: 0.0914 
Epoch 00082: val_loss did not improve from 0.73411
29/29 [==============================] - 168s 6s/step - loss: 0.1410 - acc: 0.0918 - val_loss: 0.9711 - val_acc: 0.0251
Epoch 83/200
28/29 [===========================>..] - ETA: 5s - loss: 0.1356 - acc: 0.0931 
Epoch 00083: val_loss did not improve from 0.73411
29/29 [==============================] - 170s 6s/step - loss: 0.1354 - acc: 0.0933 - val_loss: 0.9746 - val_acc: 0.0244
Epoch 84/200
28/29 [===========================>..] - ETA: 5s - loss: 0.1288 - acc: 0.0952 
Epoch 00084: val_loss did not improve from 0.73411
29/29 [==============================] - 169s 6s/step - loss: 0.1287 - acc: 0.0954 - val_loss: 0.9861 - val_acc: 0.0243
Epoch 85/200
28/29 [===========================>..] - ETA: 5s - loss: 0.1247 - acc: 0.0957 
Epoch 00085: val_loss did not improve from 0.73411
29/29 [==============================] - 168s 6s/step - loss: 0.1245 - acc: 0.0960 - val_loss: 0.9803 - val_acc: 0.0247
Epoch 86/200
28/29 [===========================>..] - ETA: 5s - loss: 0.1237 - acc: 0.0955 
Epoch 00086: val_loss did not improve from 0.73411
29/29 [==============================] - 166s 6s/step - loss: 0.1243 - acc: 0.0955 - val_loss: 0.9822 - val_acc: 0.0239
Epoch 87/200
28/29 [===========================>..] - ETA: 5s - loss: 0.1155 - acc: 0.0979 
Epoch 00087: val_loss did not improve from 0.73411
29/29 [==============================] - 168s 6s/step - loss: 0.1153 - acc: 0.0982 - val_loss: 0.9883 - val_acc: 0.0231
Epoch 88/200
28/29 [===========================>..] - ETA: 5s - loss: 0.1098 - acc: 0.0996 
Epoch 00088: val_loss did not improve from 0.73411
29/29 [==============================] - 169s 6s/step - loss: 0.1094 - acc: 0.0999 - val_loss: 0.9861 - val_acc: 0.0249
Epoch 89/200
28/29 [===========================>..] - ETA: 5s - loss: 0.1057 - acc: 0.1002 
Epoch 00089: val_loss did not improve from 0.73411
29/29 [==============================] - 168s 6s/step - loss: 0.1055 - acc: 0.1004 - val_loss: 0.9856 - val_acc: 0.0238
Epoch 90/200
28/29 [===========================>..] - ETA: 5s - loss: 0.0997 - acc: 0.1015 
Epoch 00090: val_loss did not improve from 0.73411
29/29 [==============================] - 167s 6s/step - loss: 0.0996 - acc: 0.1017 - val_loss: 0.9846 - val_acc: 0.0238
Epoch 91/200
28/29 [===========================>..] - ETA: 5s - loss: 0.0984 - acc: 0.1014 
Epoch 00091: val_loss did not improve from 0.73411
29/29 [==============================] - 167s 6s/step - loss: 0.0982 - acc: 0.1017 - val_loss: 0.9884 - val_acc: 0.0241
Epoch 92/200
28/29 [===========================>..] - ETA: 5s - loss: 0.0892 - acc: 0.1043 
Epoch 00092: val_loss did not improve from 0.73411
29/29 [==============================] - 174s 6s/step - loss: 0.0890 - acc: 0.1045 - val_loss: 0.9908 - val_acc: 0.0247
Epoch 93/200
28/29 [===========================>..] - ETA: 5s - loss: 0.0848 - acc: 0.1052 
Epoch 00093: val_loss did not improve from 0.73411
29/29 [==============================] - 181s 6s/step - loss: 0.0847 - acc: 0.1055 - val_loss: 0.9878 - val_acc: 0.0247
Epoch 94/200
28/29 [===========================>..] - ETA: 5s - loss: 0.0832 - acc: 0.1052 
Epoch 00094: val_loss did not improve from 0.73411
29/29 [==============================] - 173s 6s/step - loss: 0.0829 - acc: 0.1054 - val_loss: 0.9924 - val_acc: 0.0247
Epoch 95/200
28/29 [===========================>..] - ETA: 5s - loss: 0.0803 - acc: 0.1055 
Epoch 00095: val_loss did not improve from 0.73411
29/29 [==============================] - 167s 6s/step - loss: 0.0799 - acc: 0.1059 - val_loss: 0.9864 - val_acc: 0.0252
Epoch 96/200
28/29 [===========================>..] - ETA: 5s - loss: 0.0735 - acc: 0.1067 
Epoch 00096: val_loss did not improve from 0.73411
29/29 [==============================] - 167s 6s/step - loss: 0.0732 - acc: 0.1069 - val_loss: 0.9893 - val_acc: 0.0249
Epoch 97/200
28/29 [===========================>..] - ETA: 5s - loss: 0.0707 - acc: 0.1076 
Epoch 00097: val_loss did not improve from 0.73411
29/29 [==============================] - 170s 6s/step - loss: 0.0705 - acc: 0.1079 - val_loss: 0.9939 - val_acc: 0.0239
Epoch 98/200
28/29 [===========================>..] - ETA: 5s - loss: 0.0665 - acc: 0.1084 
Epoch 00098: val_loss did not improve from 0.73411
29/29 [==============================] - 169s 6s/step - loss: 0.0665 - acc: 0.1086 - val_loss: 0.9933 - val_acc: 0.0250
Epoch 99/200
28/29 [===========================>..] - ETA: 5s - loss: 0.0624 - acc: 0.1095 
Epoch 00099: val_loss did not improve from 0.73411
29/29 [==============================] - 170s 6s/step - loss: 0.0623 - acc: 0.1098 - val_loss: 0.9984 - val_acc: 0.0237
Epoch 100/200
28/29 [===========================>..] - ETA: 5s - loss: 0.0603 - acc: 0.1095 
Epoch 00100: val_loss did not improve from 0.73411
29/29 [==============================] - 166s 6s/step - loss: 0.0603 - acc: 0.1097 - val_loss: 1.0011 - val_acc: 0.0248
Epoch 101/200
28/29 [===========================>..] - ETA: 5s - loss: 0.0557 - acc: 0.1104 
Epoch 00101: val_loss did not improve from 0.73411
29/29 [==============================] - 168s 6s/step - loss: 0.0555 - acc: 0.1106 - val_loss: 1.0009 - val_acc: 0.0226
Epoch 102/200
28/29 [===========================>..] - ETA: 5s - loss: 0.0528 - acc: 0.1110 
Epoch 00102: val_loss did not improve from 0.73411
29/29 [==============================] - 169s 6s/step - loss: 0.0526 - acc: 0.1111 - val_loss: 0.9958 - val_acc: 0.0246
Epoch 103/200
28/29 [===========================>..] - ETA: 5s - loss: 0.0495 - acc: 0.1115 
Epoch 00103: val_loss did not improve from 0.73411
29/29 [==============================] - 169s 6s/step - loss: 0.0492 - acc: 0.1116 - val_loss: 0.9960 - val_acc: 0.0249
Epoch 104/200
28/29 [===========================>..] - ETA: 5s - loss: 0.0485 - acc: 0.1116 
Epoch 00104: val_loss did not improve from 0.73411
29/29 [==============================] - 169s 6s/step - loss: 0.0483 - acc: 0.1118 - val_loss: 1.0004 - val_acc: 0.0235
Epoch 105/200
28/29 [===========================>..] - ETA: 5s - loss: 0.0426 - acc: 0.1126 
Epoch 00105: val_loss did not improve from 0.73411
29/29 [==============================] - 166s 6s/step - loss: 0.0423 - acc: 0.1128 - val_loss: 0.9981 - val_acc: 0.0236
Epoch 106/200
28/29 [===========================>..] - ETA: 5s - loss: 0.0417 - acc: 0.1125 
Epoch 00106: val_loss did not improve from 0.73411
29/29 [==============================] - 170s 6s/step - loss: 0.0417 - acc: 0.1126 - val_loss: 1.0002 - val_acc: 0.0249
Epoch 107/200
28/29 [===========================>..] - ETA: 5s - loss: 0.0382 - acc: 0.1130 
Epoch 00107: val_loss did not improve from 0.73411
29/29 [==============================] - 169s 6s/step - loss: 0.0381 - acc: 0.1132 - val_loss: 0.9998 - val_acc: 0.0246
Epoch 108/200
28/29 [===========================>..] - ETA: 5s - loss: 0.0362 - acc: 0.1131 
Epoch 00108: val_loss did not improve from 0.73411
29/29 [==============================] - 169s 6s/step - loss: 0.0361 - acc: 0.1133 - val_loss: 1.0029 - val_acc: 0.0241
Epoch 109/200
28/29 [===========================>..] - ETA: 5s - loss: 0.0393 - acc: 0.1126 
Epoch 00109: val_loss did not improve from 0.73411
29/29 [==============================] - 169s 6s/step - loss: 0.0390 - acc: 0.1128 - val_loss: 0.9989 - val_acc: 0.0242
Epoch 110/200
28/29 [===========================>..] - ETA: 5s - loss: 0.0317 - acc: 0.1138 
Epoch 00110: val_loss did not improve from 0.73411
29/29 [==============================] - 169s 6s/step - loss: 0.0316 - acc: 0.1140 - val_loss: 0.9995 - val_acc: 0.0244
Epoch 111/200
28/29 [===========================>..] - ETA: 5s - loss: 0.0294 - acc: 0.1139 
Epoch 00111: val_loss did not improve from 0.73411
29/29 [==============================] - 172s 6s/step - loss: 0.0294 - acc: 0.1141 - val_loss: 0.9999 - val_acc: 0.0242
Epoch 112/200
28/29 [===========================>..] - ETA: 5s - loss: 0.0273 - acc: 0.1142 
Epoch 00112: val_loss did not improve from 0.73411
29/29 [==============================] - 178s 6s/step - loss: 0.0272 - acc: 0.1144 - val_loss: 1.0049 - val_acc: 0.0254
Epoch 113/200
28/29 [===========================>..] - ETA: 5s - loss: 0.0261 - acc: 0.1143 
Epoch 00113: val_loss did not improve from 0.73411
29/29 [==============================] - 170s 6s/step - loss: 0.0259 - acc: 0.1145 - val_loss: 1.0025 - val_acc: 0.0252
Epoch 114/200
28/29 [===========================>..] - ETA: 5s - loss: 0.0247 - acc: 0.1143 
Epoch 00114: val_loss did not improve from 0.73411
29/29 [==============================] - 168s 6s/step - loss: 0.0246 - acc: 0.1145 - val_loss: 1.0065 - val_acc: 0.0234
Epoch 115/200
28/29 [===========================>..] - ETA: 5s - loss: 0.0231 - acc: 0.1145 
Epoch 00115: val_loss did not improve from 0.73411
29/29 [==============================] - 167s 6s/step - loss: 0.0231 - acc: 0.1146 - val_loss: 1.0024 - val_acc: 0.0252
Epoch 116/200
28/29 [===========================>..] - ETA: 5s - loss: 0.0216 - acc: 0.1146 
Epoch 00116: val_loss did not improve from 0.73411
29/29 [==============================] - 169s 6s/step - loss: 0.0215 - acc: 0.1148 - val_loss: 0.9990 - val_acc: 0.0236
Epoch 117/200
28/29 [===========================>..] - ETA: 5s - loss: 0.0211 - acc: 0.1146 
Epoch 00117: val_loss did not improve from 0.73411
29/29 [==============================] - 169s 6s/step - loss: 0.0210 - acc: 0.1148 - val_loss: 1.0013 - val_acc: 0.0250
Epoch 118/200
28/29 [===========================>..] - ETA: 5s - loss: 0.0182 - acc: 0.1151 
Epoch 00118: val_loss did not improve from 0.73411
29/29 [==============================] - 168s 6s/step - loss: 0.0182 - acc: 0.1152 - val_loss: 1.0040 - val_acc: 0.0255
Epoch 119/200
28/29 [===========================>..] - ETA: 5s - loss: 0.0176 - acc: 0.1152 
Epoch 00119: val_loss did not improve from 0.73411
29/29 [==============================] - 167s 6s/step - loss: 0.0175 - acc: 0.1153 - val_loss: 1.0097 - val_acc: 0.0236
Epoch 120/200
28/29 [===========================>..] - ETA: 5s - loss: 0.0176 - acc: 0.1150 
Epoch 00120: val_loss did not improve from 0.73411
29/29 [==============================] - 177s 6s/step - loss: 0.0175 - acc: 0.1152 - val_loss: 1.0131 - val_acc: 0.0239
Epoch 121/200
28/29 [===========================>..] - ETA: 5s - loss: 0.0166 - acc: 0.1150 
Epoch 00121: val_loss did not improve from 0.73411
29/29 [==============================] - 173s 6s/step - loss: 0.0166 - acc: 0.1151 - val_loss: 1.0003 - val_acc: 0.0244
Epoch 122/200
28/29 [===========================>..] - ETA: 5s - loss: 0.0150 - acc: 0.1153 
Epoch 00122: val_loss did not improve from 0.73411
29/29 [==============================] - 170s 6s/step - loss: 0.0149 - acc: 0.1155 - val_loss: 1.0066 - val_acc: 0.0244
Epoch 123/200
28/29 [===========================>..] - ETA: 5s - loss: 0.0132 - acc: 0.1154 
Epoch 00123: val_loss did not improve from 0.73411
29/29 [==============================] - 169s 6s/step - loss: 0.0132 - acc: 0.1156 - val_loss: 1.0115 - val_acc: 0.0255
Epoch 124/200
28/29 [===========================>..] - ETA: 5s - loss: 0.0117 - acc: 0.1156 
Epoch 00124: val_loss did not improve from 0.73411
29/29 [==============================] - 166s 6s/step - loss: 0.0117 - acc: 0.1157 - val_loss: 1.0076 - val_acc: 0.0259
Epoch 125/200
28/29 [===========================>..] - ETA: 5s - loss: 0.0119 - acc: 0.1154 
Epoch 00125: val_loss did not improve from 0.73411
29/29 [==============================] - 169s 6s/step - loss: 0.0119 - acc: 0.1156 - val_loss: 1.0073 - val_acc: 0.0253
Epoch 126/200
28/29 [===========================>..] - ETA: 5s - loss: 0.0124 - acc: 0.1153 
Epoch 00126: val_loss did not improve from 0.73411
29/29 [==============================] - 169s 6s/step - loss: 0.0123 - acc: 0.1155 - val_loss: 1.0124 - val_acc: 0.0244
Epoch 127/200
28/29 [===========================>..] - ETA: 5s - loss: 0.0101 - acc: 0.1156 
Epoch 00127: val_loss did not improve from 0.73411
29/29 [==============================] - 170s 6s/step - loss: 0.0101 - acc: 0.1158 - val_loss: 1.0102 - val_acc: 0.0250
Epoch 128/200
28/29 [===========================>..] - ETA: 5s - loss: 0.0118 - acc: 0.1151 
Epoch 00128: val_loss did not improve from 0.73411
29/29 [==============================] - 168s 6s/step - loss: 0.0117 - acc: 0.1153 - val_loss: 1.0069 - val_acc: 0.0248
Epoch 129/200
28/29 [===========================>..] - ETA: 5s - loss: 0.0093 - acc: 0.1157 
Epoch 00129: val_loss did not improve from 0.73411
29/29 [==============================] - 166s 6s/step - loss: 0.0092 - acc: 0.1158 - val_loss: 1.0061 - val_acc: 0.0254
Epoch 130/200
28/29 [===========================>..] - ETA: 5s - loss: 0.0097 - acc: 0.1156 
Epoch 00130: val_loss did not improve from 0.73411
29/29 [==============================] - 169s 6s/step - loss: 0.0096 - acc: 0.1158 - val_loss: 1.0044 - val_acc: 0.0241
Epoch 131/200
28/29 [===========================>..] - ETA: 5s - loss: 0.0084 - acc: 0.1157 
Epoch 00131: val_loss did not improve from 0.73411
29/29 [==============================] - 170s 6s/step - loss: 0.0083 - acc: 0.1159 - val_loss: 1.0086 - val_acc: 0.0249
Epoch 132/200
28/29 [===========================>..] - ETA: 5s - loss: 0.0078 - acc: 0.1155 
Epoch 00132: val_loss did not improve from 0.73411
29/29 [==============================] - 169s 6s/step - loss: 0.0078 - acc: 0.1157 - val_loss: 1.0064 - val_acc: 0.0249
Epoch 133/200
28/29 [===========================>..] - ETA: 5s - loss: 0.0080 - acc: 0.1156 
Epoch 00133: val_loss did not improve from 0.73411
29/29 [==============================] - 166s 6s/step - loss: 0.0080 - acc: 0.1157 - val_loss: 0.9944 - val_acc: 0.0257
Epoch 134/200
28/29 [===========================>..] - ETA: 5s - loss: 0.0075 - acc: 0.1156 
Epoch 00134: val_loss did not improve from 0.73411
29/29 [==============================] - 167s 6s/step - loss: 0.0074 - acc: 0.1158 - val_loss: 1.0017 - val_acc: 0.0252
Epoch 135/200
28/29 [===========================>..] - ETA: 5s - loss: 0.0075 - acc: 0.1155 
Epoch 00135: val_loss did not improve from 0.73411
29/29 [==============================] - 170s 6s/step - loss: 0.0075 - acc: 0.1157 - val_loss: 1.0038 - val_acc: 0.0245
Epoch 136/200
28/29 [===========================>..] - ETA: 5s - loss: 0.0059 - acc: 0.1157 
Epoch 00136: val_loss did not improve from 0.73411
29/29 [==============================] - 169s 6s/step - loss: 0.0059 - acc: 0.1159 - val_loss: 0.9956 - val_acc: 0.0262
Epoch 137/200
28/29 [===========================>..] - ETA: 5s - loss: 0.0054 - acc: 0.1159 
Epoch 00137: val_loss did not improve from 0.73411
29/29 [==============================] - 169s 6s/step - loss: 0.0054 - acc: 0.1160 - val_loss: 1.0064 - val_acc: 0.0257
Epoch 138/200
28/29 [===========================>..] - ETA: 5s - loss: 0.0062 - acc: 0.1157 
Epoch 00138: val_loss did not improve from 0.73411
29/29 [==============================] - 166s 6s/step - loss: 0.0062 - acc: 0.1158 - val_loss: 1.0033 - val_acc: 0.0249
Epoch 139/200
28/29 [===========================>..] - ETA: 5s - loss: 0.0049 - acc: 0.1159 
Epoch 00139: val_loss did not improve from 0.73411
29/29 [==============================] - 169s 6s/step - loss: 0.0050 - acc: 0.1160 - val_loss: 0.9948 - val_acc: 0.0249
Epoch 140/200
28/29 [===========================>..] - ETA: 5s - loss: 0.0050 - acc: 0.1158 
Epoch 00140: val_loss did not improve from 0.73411
29/29 [==============================] - 169s 6s/step - loss: 0.0051 - acc: 0.1160 - val_loss: 1.0022 - val_acc: 0.0249
Epoch 141/200
28/29 [===========================>..] - ETA: 5s - loss: 0.0052 - acc: 0.1158 
Epoch 00141: val_loss did not improve from 0.73411
29/29 [==============================] - 170s 6s/step - loss: 0.0051 - acc: 0.1160 - val_loss: 1.0019 - val_acc: 0.0253
Epoch 142/200
28/29 [===========================>..] - ETA: 5s - loss: 0.0049 - acc: 0.1158 
Epoch 00142: val_loss did not improve from 0.73411
29/29 [==============================] - 168s 6s/step - loss: 0.0048 - acc: 0.1160 - val_loss: 0.9985 - val_acc: 0.0256
Epoch 143/200
28/29 [===========================>..] - ETA: 5s - loss: 0.0048 - acc: 0.1157 
Epoch 00143: val_loss did not improve from 0.73411
29/29 [==============================] - 166s 6s/step - loss: 0.0048 - acc: 0.1159 - val_loss: 0.9969 - val_acc: 0.0246
Epoch 144/200
28/29 [===========================>..] - ETA: 5s - loss: 0.0052 - acc: 0.1156 
Epoch 00144: val_loss did not improve from 0.73411
29/29 [==============================] - 169s 6s/step - loss: 0.0052 - acc: 0.1157 - val_loss: 0.9978 - val_acc: 0.0253
Epoch 145/200
28/29 [===========================>..] - ETA: 5s - loss: 0.0064 - acc: 0.1153 
Epoch 00145: val_loss did not improve from 0.73411
29/29 [==============================] - 169s 6s/step - loss: 0.0063 - acc: 0.1155 - val_loss: 0.9939 - val_acc: 0.0244
Epoch 146/200
28/29 [===========================>..] - ETA: 5s - loss: 0.0036 - acc: 0.1159 
Epoch 00146: val_loss did not improve from 0.73411
29/29 [==============================] - 169s 6s/step - loss: 0.0036 - acc: 0.1161 - val_loss: 0.9982 - val_acc: 0.0264
Epoch 147/200
28/29 [===========================>..] - ETA: 5s - loss: 0.0042 - acc: 0.1159 
Epoch 00147: val_loss did not improve from 0.73411
29/29 [==============================] - 168s 6s/step - loss: 0.0041 - acc: 0.1160 - val_loss: 0.9929 - val_acc: 0.0249
Epoch 148/200
28/29 [===========================>..] - ETA: 5s - loss: 0.0034 - acc: 0.1160 
Epoch 00148: val_loss did not improve from 0.73411
29/29 [==============================] - 166s 6s/step - loss: 0.0034 - acc: 0.1161 - val_loss: 0.9918 - val_acc: 0.0248
Epoch 149/200
28/29 [===========================>..] - ETA: 5s - loss: 0.0035 - acc: 0.1158 
Epoch 00149: val_loss did not improve from 0.73411
29/29 [==============================] - 169s 6s/step - loss: 0.0035 - acc: 0.1160 - val_loss: 0.9904 - val_acc: 0.0257
Epoch 150/200
28/29 [===========================>..] - ETA: 5s - loss: 0.0034 - acc: 0.1157 
Epoch 00150: val_loss did not improve from 0.73411
29/29 [==============================] - 169s 6s/step - loss: 0.0034 - acc: 0.1159 - val_loss: 0.9993 - val_acc: 0.0251
Epoch 151/200
28/29 [===========================>..] - ETA: 5s - loss: 0.0033 - acc: 0.1158 
Epoch 00151: val_loss did not improve from 0.73411
29/29 [==============================] - 169s 6s/step - loss: 0.0033 - acc: 0.1159 - val_loss: 0.9937 - val_acc: 0.0250
Epoch 152/200
28/29 [===========================>..] - ETA: 5s - loss: 0.0031 - acc: 0.1158 
Epoch 00152: val_loss did not improve from 0.73411
29/29 [==============================] - 166s 6s/step - loss: 0.0031 - acc: 0.1160 - val_loss: 0.9890 - val_acc: 0.0265
Epoch 153/200
28/29 [===========================>..] - ETA: 5s - loss: 0.0032 - acc: 0.1159 
Epoch 00153: val_loss did not improve from 0.73411
29/29 [==============================] - 167s 6s/step - loss: 0.0032 - acc: 0.1160 - val_loss: 0.9973 - val_acc: 0.0259
Epoch 154/200
28/29 [===========================>..] - ETA: 5s - loss: 0.0026 - acc: 0.1159 
Epoch 00154: val_loss did not improve from 0.73411
29/29 [==============================] - 169s 6s/step - loss: 0.0026 - acc: 0.1160 - val_loss: 0.9898 - val_acc: 0.0254
Epoch 155/200
28/29 [===========================>..] - ETA: 5s - loss: 0.0028 - acc: 0.1158 
Epoch 00155: val_loss did not improve from 0.73411
29/29 [==============================] - 170s 6s/step - loss: 0.0028 - acc: 0.1160 - val_loss: 0.9954 - val_acc: 0.0258
Epoch 156/200
28/29 [===========================>..] - ETA: 5s - loss: 0.0029 - acc: 0.1158 
Epoch 00156: val_loss did not improve from 0.73411
29/29 [==============================] - 168s 6s/step - loss: 0.0029 - acc: 0.1159 - val_loss: 0.9978 - val_acc: 0.0249
Epoch 157/200
28/29 [===========================>..] - ETA: 5s - loss: 0.0020 - acc: 0.1160 
Epoch 00157: val_loss did not improve from 0.73411
29/29 [==============================] - 165s 6s/step - loss: 0.0020 - acc: 0.1162 - val_loss: 1.0008 - val_acc: 0.0247
Epoch 158/200
28/29 [===========================>..] - ETA: 5s - loss: 0.0021 - acc: 0.1159 
Epoch 00158: val_loss did not improve from 0.73411
29/29 [==============================] - 168s 6s/step - loss: 0.0021 - acc: 0.1161 - val_loss: 0.9973 - val_acc: 0.0255
Epoch 159/200
28/29 [===========================>..] - ETA: 5s - loss: 0.0028 - acc: 0.1159 
Epoch 00159: val_loss did not improve from 0.73411
29/29 [==============================] - 169s 6s/step - loss: 0.0028 - acc: 0.1160 - val_loss: 1.0054 - val_acc: 0.0255
Epoch 160/200
28/29 [===========================>..] - ETA: 5s - loss: 0.0019 - acc: 0.1161 
Epoch 00160: val_loss did not improve from 0.73411
29/29 [==============================] - 169s 6s/step - loss: 0.0019 - acc: 0.1162 - val_loss: 0.9986 - val_acc: 0.0247
Epoch 161/200
28/29 [===========================>..] - ETA: 5s - loss: 0.0021 - acc: 0.1160 
Epoch 00161: val_loss did not improve from 0.73411
29/29 [==============================] - 169s 6s/step - loss: 0.0021 - acc: 0.1161 - val_loss: 1.0009 - val_acc: 0.0266
Epoch 162/200
28/29 [===========================>..] - ETA: 5s - loss: 0.0017 - acc: 0.1160 
Epoch 00162: val_loss did not improve from 0.73411
29/29 [==============================] - 166s 6s/step - loss: 0.0017 - acc: 0.1162 - val_loss: 1.0010 - val_acc: 0.0252
Epoch 163/200
28/29 [===========================>..] - ETA: 5s - loss: 0.0029 - acc: 0.1157 
Epoch 00163: val_loss did not improve from 0.73411
29/29 [==============================] - 170s 6s/step - loss: 0.0028 - acc: 0.1159 - val_loss: 1.0004 - val_acc: 0.0267
Epoch 164/200
28/29 [===========================>..] - ETA: 5s - loss: 0.0021 - acc: 0.1159 
Epoch 00164: val_loss did not improve from 0.73411
29/29 [==============================] - 169s 6s/step - loss: 0.0020 - acc: 0.1161 - val_loss: 0.9977 - val_acc: 0.0253
Epoch 165/200
28/29 [===========================>..] - ETA: 5s - loss: 0.0017 - acc: 0.1159 
Epoch 00165: val_loss did not improve from 0.73411
29/29 [==============================] - 169s 6s/step - loss: 0.0017 - acc: 0.1161 - val_loss: 1.0059 - val_acc: 0.0259
Epoch 166/200
28/29 [===========================>..] - ETA: 5s - loss: 0.0021 - acc: 0.1159 
Epoch 00166: val_loss did not improve from 0.73411
29/29 [==============================] - 168s 6s/step - loss: 0.0021 - acc: 0.1161 - val_loss: 1.0001 - val_acc: 0.0262
Epoch 167/200
28/29 [===========================>..] - ETA: 5s - loss: 0.0018 - acc: 0.1159 
Epoch 00167: val_loss did not improve from 0.73411
29/29 [==============================] - 166s 6s/step - loss: 0.0018 - acc: 0.1160 - val_loss: 1.0042 - val_acc: 0.0257
Epoch 168/200
28/29 [===========================>..] - ETA: 5s - loss: 0.0018 - acc: 0.1159 
Epoch 00168: val_loss did not improve from 0.73411
29/29 [==============================] - 169s 6s/step - loss: 0.0017 - acc: 0.1161 - val_loss: 0.9991 - val_acc: 0.0262
Epoch 169/200
28/29 [===========================>..] - ETA: 5s - loss: 0.0015 - acc: 0.1160 
Epoch 00169: val_loss did not improve from 0.73411
29/29 [==============================] - 169s 6s/step - loss: 0.0015 - acc: 0.1161 - val_loss: 1.0083 - val_acc: 0.0259
Epoch 170/200
28/29 [===========================>..] - ETA: 5s - loss: 0.0024 - acc: 0.1158 
Epoch 00170: val_loss did not improve from 0.73411
29/29 [==============================] - 169s 6s/step - loss: 0.0024 - acc: 0.1160 - val_loss: 0.9951 - val_acc: 0.0265
Epoch 171/200
28/29 [===========================>..] - ETA: 5s - loss: 0.0027 - acc: 0.1157 
Epoch 00171: val_loss did not improve from 0.73411
29/29 [==============================] - 167s 6s/step - loss: 0.0026 - acc: 0.1159 - val_loss: 0.9909 - val_acc: 0.0265
Epoch 172/200
28/29 [===========================>..] - ETA: 5s - loss: 0.0016 - acc: 0.1159 
Epoch 00172: val_loss did not improve from 0.73411
29/29 [==============================] - 166s 6s/step - loss: 0.0016 - acc: 0.1161 - val_loss: 0.9957 - val_acc: 0.0269
Epoch 173/200
28/29 [===========================>..] - ETA: 5s - loss: 0.0017 - acc: 0.1159 
Epoch 00173: val_loss did not improve from 0.73411
29/29 [==============================] - 169s 6s/step - loss: 0.0017 - acc: 0.1161 - val_loss: 0.9972 - val_acc: 0.0259
Epoch 174/200
28/29 [===========================>..] - ETA: 5s - loss: 0.0032 - acc: 0.1157 
Epoch 00174: val_loss did not improve from 0.73411
29/29 [==============================] - 169s 6s/step - loss: 0.0031 - acc: 0.1158 - val_loss: 1.0014 - val_acc: 0.0250
Epoch 175/200
28/29 [===========================>..] - ETA: 5s - loss: 0.0021 - acc: 0.1159 
Epoch 00175: val_loss did not improve from 0.73411
29/29 [==============================] - 169s 6s/step - loss: 0.0021 - acc: 0.1160 - val_loss: 0.9985 - val_acc: 0.0250
Epoch 176/200
28/29 [===========================>..] - ETA: 5s - loss: 0.0013 - acc: 0.1160 
Epoch 00176: val_loss did not improve from 0.73411
29/29 [==============================] - 167s 6s/step - loss: 0.0013 - acc: 0.1161 - val_loss: 0.9912 - val_acc: 0.0260
Epoch 177/200
28/29 [===========================>..] - ETA: 5s - loss: 0.0011 - acc: 0.1160 
Epoch 00177: val_loss did not improve from 0.73411
29/29 [==============================] - 168s 6s/step - loss: 0.0010 - acc: 0.1161 - val_loss: 0.9946 - val_acc: 0.0267
Epoch 178/200
28/29 [===========================>..] - ETA: 5s - loss: 0.0014 - acc: 0.1160 
Epoch 00178: val_loss did not improve from 0.73411
29/29 [==============================] - 170s 6s/step - loss: 0.0014 - acc: 0.1161 - val_loss: 0.9907 - val_acc: 0.0247
Epoch 179/200
28/29 [===========================>..] - ETA: 5s - loss: 0.0016 - acc: 0.1159 
Epoch 00179: val_loss did not improve from 0.73411
29/29 [==============================] - 169s 6s/step - loss: 0.0015 - acc: 0.1161 - val_loss: 1.0007 - val_acc: 0.0250
Epoch 180/200
28/29 [===========================>..] - ETA: 5s - loss: 0.0022 - acc: 0.1157 
Epoch 00180: val_loss did not improve from 0.73411
29/29 [==============================] - 169s 6s/step - loss: 0.0022 - acc: 0.1159 - val_loss: 0.9839 - val_acc: 0.0246
Epoch 181/200
28/29 [===========================>..] - ETA: 5s - loss: 0.0018 - acc: 0.1159 
Epoch 00181: val_loss did not improve from 0.73411
29/29 [==============================] - 166s 6s/step - loss: 0.0017 - acc: 0.1160 - val_loss: 0.9903 - val_acc: 0.0260
Epoch 182/200
28/29 [===========================>..] - ETA: 5s - loss: 0.0016 - acc: 0.1159 
Epoch 00182: val_loss did not improve from 0.73411
29/29 [==============================] - 169s 6s/step - loss: 0.0016 - acc: 0.1161 - val_loss: 1.0022 - val_acc: 0.0264
Epoch 183/200
28/29 [===========================>..] - ETA: 5s - loss: 0.0014 - acc: 0.1160 
Epoch 00183: val_loss did not improve from 0.73411
29/29 [==============================] - 170s 6s/step - loss: 0.0014 - acc: 0.1161 - val_loss: 0.9995 - val_acc: 0.0259
Epoch 184/200
28/29 [===========================>..] - ETA: 5s - loss: 0.0012 - acc: 0.1160 
Epoch 00184: val_loss did not improve from 0.73411
29/29 [==============================] - 170s 6s/step - loss: 0.0012 - acc: 0.1161 - val_loss: 0.9944 - val_acc: 0.0260
Epoch 185/200
28/29 [===========================>..] - ETA: 5s - loss: 0.0013 - acc: 0.1159 
Epoch 00185: val_loss did not improve from 0.73411
29/29 [==============================] - 169s 6s/step - loss: 0.0013 - acc: 0.1161 - val_loss: 0.9931 - val_acc: 0.0258
Epoch 186/200
28/29 [===========================>..] - ETA: 5s - loss: 0.0018 - acc: 0.1158 
Epoch 00186: val_loss did not improve from 0.73411
29/29 [==============================] - 166s 6s/step - loss: 0.0018 - acc: 0.1160 - val_loss: 0.9901 - val_acc: 0.0255
Epoch 187/200
28/29 [===========================>..] - ETA: 5s - loss: 0.0011 - acc: 0.1159 
Epoch 00187: val_loss did not improve from 0.73411
29/29 [==============================] - 170s 6s/step - loss: 0.0011 - acc: 0.1161 - val_loss: 0.9941 - val_acc: 0.0254
Epoch 188/200
28/29 [===========================>..] - ETA: 5s - loss: 0.0015 - acc: 0.1159 
Epoch 00188: val_loss did not improve from 0.73411
29/29 [==============================] - 169s 6s/step - loss: 0.0015 - acc: 0.1160 - val_loss: 0.9984 - val_acc: 0.0252
Epoch 189/200
28/29 [===========================>..] - ETA: 5s - loss: 0.0015 - acc: 0.1159 
Epoch 00189: val_loss did not improve from 0.73411
29/29 [==============================] - 168s 6s/step - loss: 0.0015 - acc: 0.1160 - val_loss: 0.9927 - val_acc: 0.0263
Epoch 190/200
28/29 [===========================>..] - ETA: 5s - loss: 0.0011 - acc: 0.1160 
Epoch 00190: val_loss did not improve from 0.73411
29/29 [==============================] - 167s 6s/step - loss: 0.0011 - acc: 0.1161 - val_loss: 1.0042 - val_acc: 0.0264
Epoch 191/200
28/29 [===========================>..] - ETA: 5s - loss: 9.0995e-04 - acc: 0.1160 
Epoch 00191: val_loss did not improve from 0.73411
29/29 [==============================] - 166s 6s/step - loss: 8.9730e-04 - acc: 0.1162 - val_loss: 1.0026 - val_acc: 0.0255
Epoch 192/200
28/29 [===========================>..] - ETA: 5s - loss: 9.7870e-04 - acc: 0.1161 
Epoch 00192: val_loss did not improve from 0.73411
29/29 [==============================] - 170s 6s/step - loss: 9.5402e-04 - acc: 0.1162 - val_loss: 1.0023 - val_acc: 0.0262
Epoch 193/200
28/29 [===========================>..] - ETA: 5s - loss: 0.0013 - acc: 0.1159 
Epoch 00193: val_loss did not improve from 0.73411
29/29 [==============================] - 169s 6s/step - loss: 0.0014 - acc: 0.1161 - val_loss: 1.0019 - val_acc: 0.0260
Epoch 194/200
28/29 [===========================>..] - ETA: 5s - loss: 0.0012 - acc: 0.1159 
Epoch 00194: val_loss did not improve from 0.73411
29/29 [==============================] - 168s 6s/step - loss: 0.0012 - acc: 0.1161 - val_loss: 1.0071 - val_acc: 0.0260
Epoch 195/200
28/29 [===========================>..] - ETA: 5s - loss: 0.0016 - acc: 0.1158 
Epoch 00195: val_loss did not improve from 0.73411
29/29 [==============================] - 166s 6s/step - loss: 0.0016 - acc: 0.1160 - val_loss: 1.0008 - val_acc: 0.0260
Epoch 196/200
28/29 [===========================>..] - ETA: 5s - loss: 8.6792e-04 - acc: 0.1160 
Epoch 00196: val_loss did not improve from 0.73411
29/29 [==============================] - 167s 6s/step - loss: 8.4909e-04 - acc: 0.1161 - val_loss: 1.0022 - val_acc: 0.0256
Epoch 197/200
28/29 [===========================>..] - ETA: 5s - loss: 7.4677e-04 - acc: 0.1161 
Epoch 00197: val_loss did not improve from 0.73411
29/29 [==============================] - 169s 6s/step - loss: 7.2986e-04 - acc: 0.1162 - val_loss: 1.0103 - val_acc: 0.0267
Epoch 198/200
28/29 [===========================>..] - ETA: 5s - loss: 0.0010 - acc: 0.1160 
Epoch 00198: val_loss did not improve from 0.73411
29/29 [==============================] - 170s 6s/step - loss: 0.0010 - acc: 0.1161 - val_loss: 1.0094 - val_acc: 0.0256
Epoch 199/200
28/29 [===========================>..] - ETA: 5s - loss: 0.0011 - acc: 0.1160 
Epoch 00199: val_loss did not improve from 0.73411
29/29 [==============================] - 168s 6s/step - loss: 0.0011 - acc: 0.1161 - val_loss: 1.0065 - val_acc: 0.0265
Epoch 200/200
28/29 [===========================>..] - ETA: 5s - loss: 5.7161e-04 - acc: 0.1161 
Epoch 00200: val_loss did not improve from 0.73411
29/29 [==============================] - 166s 6s/step - loss: 5.5928e-04 - acc: 0.1162 - val_loss: 1.0070 - val_acc: 0.0267